[debug] [2026-02-21T02:59:03.408Z] ----------------------------------------------------------------------
[debug] [2026-02-21T02:59:03.410Z] Command:       C:\Program Files\nodejs\node.exe C:\Users\DELL\AppData\Roaming\npm\node_modules\firebase-tools\lib\bin\firebase.js init functions
[debug] [2026-02-21T02:59:03.411Z] CLI Version:   15.3.1
[debug] [2026-02-21T02:59:03.411Z] Platform:      win32
[debug] [2026-02-21T02:59:03.411Z] Node Version:  v24.12.0
[debug] [2026-02-21T02:59:03.411Z] Time:          Sat Feb 21 2026 10:59:03 GMT+0800 (Malaysia Time)
[debug] [2026-02-21T02:59:03.411Z] ----------------------------------------------------------------------
[debug] 
[debug] [2026-02-21T02:59:03.413Z] >>> [apiv2][query] GET https://firebase-public.firebaseio.com/cli.json [none]
[info] 
     ######## #### ########  ######## ########     ###     ######  ########
     ##        ##  ##     ## ##       ##     ##  ##   ##  ##       ##
     ######    ##  ########  ######   ########  #########  ######  ######
     ##        ##  ##    ##  ##       ##     ## ##     ##       ## ##
     ##       #### ##     ## ######## ########  ##     ##  ######  ########

You're about to initialize a Firebase project in this directory:

  C:\Users\DELL\OneDrive\Desktop\Admin-Registration

[debug] [2026-02-21T02:59:06.304Z] <<< [apiv2][status] GET https://firebase-public.firebaseio.com/cli.json 200
[debug] [2026-02-21T02:59:06.304Z] <<< [apiv2][body] GET https://firebase-public.firebaseio.com/cli.json {"cloudBuildErrorAfter":1594252800000,"cloudBuildWarnAfter":1590019200000,"defaultNode10After":1594252800000,"minVersion":"3.0.5","node8DeploysDisabledAfter":1613390400000,"node8RuntimeDisabledAfter":1615809600000,"node8WarnAfter":1600128000000}
[info] 
=== Project Setup
[info] 
[info] First, let's associate this project directory with a Firebase project.
[info] You can create multiple project aliases by running firebase use --add, 
[info] 
[debug] [2026-02-21T02:59:45.938Z] > command requires scopes: ["email","openid","https://www.googleapis.com/auth/cloudplatformprojects.readonly","https://www.googleapis.com/auth/firebase","https://www.googleapis.com/auth/cloud-platform"]
[debug] [2026-02-21T02:59:45.938Z] > authorizing via signed-in user (limkhachun075@gmail.com)
[debug] [2026-02-21T02:59:45.939Z] Checked if tokens are valid: false, expires at: 1768753972882
[debug] [2026-02-21T02:59:45.939Z] Checked if tokens are valid: false, expires at: 1768753972882
[debug] [2026-02-21T02:59:45.939Z] > refreshing access token with scopes: []
[debug] [2026-02-21T02:59:45.940Z] >>> [apiv2][query] POST https://www.googleapis.com/oauth2/v3/token [none]
[debug] [2026-02-21T02:59:45.940Z] >>> [apiv2][body] POST https://www.googleapis.com/oauth2/v3/token [omitted]
[debug] [2026-02-21T02:59:46.052Z] <<< [apiv2][status] POST https://www.googleapis.com/oauth2/v3/token 200
[debug] [2026-02-21T02:59:46.053Z] <<< [apiv2][body] POST https://www.googleapis.com/oauth2/v3/token [omitted]
[debug] [2026-02-21T02:59:46.059Z] >>> [apiv2][query] GET https://firebase.googleapis.com/v1beta1/projects pageSize=100
[debug] [2026-02-21T02:59:46.849Z] <<< [apiv2][status] GET https://firebase.googleapis.com/v1beta1/projects 200
[debug] [2026-02-21T02:59:46.849Z] <<< [apiv2][body] GET https://firebase.googleapis.com/v1beta1/projects [omitted]
[info] 
=== Functions Setup
[debug] [2026-02-21T02:59:56.440Z] > command requires scopes: ["email","openid","https://www.googleapis.com/auth/cloudplatformprojects.readonly","https://www.googleapis.com/auth/firebase","https://www.googleapis.com/auth/cloud-platform"]
[debug] [2026-02-21T02:59:56.440Z] > authorizing via signed-in user (limkhachun075@gmail.com)
[debug] [2026-02-21T02:59:56.440Z] [iam] checking project fieldtrack-pro-a16b4 for permissions ["firebase.projects.get"]
[debug] [2026-02-21T02:59:56.441Z] Checked if tokens are valid: true, expires at: 1771646385053
[debug] [2026-02-21T02:59:56.441Z] Checked if tokens are valid: true, expires at: 1771646385053
[debug] [2026-02-21T02:59:56.441Z] >>> [apiv2][query] POST https://cloudresourcemanager.googleapis.com/v1/projects/fieldtrack-pro-a16b4:testIamPermissions [none]
[debug] [2026-02-21T02:59:56.441Z] >>> [apiv2][(partial)header] POST https://cloudresourcemanager.googleapis.com/v1/projects/fieldtrack-pro-a16b4:testIamPermissions x-goog-quota-user=projects/fieldtrack-pro-a16b4
[debug] [2026-02-21T02:59:56.442Z] >>> [apiv2][body] POST https://cloudresourcemanager.googleapis.com/v1/projects/fieldtrack-pro-a16b4:testIamPermissions {"permissions":["firebase.projects.get"]}
[debug] [2026-02-21T02:59:57.611Z] <<< [apiv2][status] POST https://cloudresourcemanager.googleapis.com/v1/projects/fieldtrack-pro-a16b4:testIamPermissions 200
[debug] [2026-02-21T02:59:57.611Z] <<< [apiv2][body] POST https://cloudresourcemanager.googleapis.com/v1/projects/fieldtrack-pro-a16b4:testIamPermissions {"permissions":["firebase.projects.get"]}
[debug] [2026-02-21T02:59:57.612Z] Checked if tokens are valid: true, expires at: 1771646385053
[debug] [2026-02-21T02:59:57.612Z] Checked if tokens are valid: true, expires at: 1771646385053
[debug] [2026-02-21T02:59:57.612Z] Checked if tokens are valid: true, expires at: 1771646385053
[debug] [2026-02-21T02:59:57.612Z] Checked if tokens are valid: true, expires at: 1771646385053
[debug] [2026-02-21T02:59:57.612Z] >>> [apiv2][query] GET https://serviceusage.googleapis.com/v1/projects/fieldtrack-pro-a16b4/services/cloudfunctions.googleapis.com [none]
[debug] [2026-02-21T02:59:57.612Z] >>> [apiv2][(partial)header] GET https://serviceusage.googleapis.com/v1/projects/fieldtrack-pro-a16b4/services/cloudfunctions.googleapis.com x-goog-quota-user=projects/fieldtrack-pro-a16b4
[debug] [2026-02-21T02:59:57.613Z] >>> [apiv2][query] GET https://serviceusage.googleapis.com/v1/projects/fieldtrack-pro-a16b4/services/runtimeconfig.googleapis.com [none]
[debug] [2026-02-21T02:59:57.614Z] >>> [apiv2][(partial)header] GET https://serviceusage.googleapis.com/v1/projects/fieldtrack-pro-a16b4/services/runtimeconfig.googleapis.com x-goog-quota-user=projects/fieldtrack-pro-a16b4
[debug] [2026-02-21T02:59:59.337Z] <<< [apiv2][status] GET https://serviceusage.googleapis.com/v1/projects/fieldtrack-pro-a16b4/services/runtimeconfig.googleapis.com 200
[debug] [2026-02-21T02:59:59.337Z] <<< [apiv2][body] GET https://serviceusage.googleapis.com/v1/projects/fieldtrack-pro-a16b4/services/runtimeconfig.googleapis.com [omitted]
[debug] [2026-02-21T02:59:59.351Z] <<< [apiv2][status] GET https://serviceusage.googleapis.com/v1/projects/fieldtrack-pro-a16b4/services/cloudfunctions.googleapis.com 200
[debug] [2026-02-21T02:59:59.351Z] <<< [apiv2][body] GET https://serviceusage.googleapis.com/v1/projects/fieldtrack-pro-a16b4/services/cloudfunctions.googleapis.com [omitted]
[debug] [2026-02-21T02:59:59.352Z] Checked if tokens are valid: true, expires at: 1771646385053
[debug] [2026-02-21T02:59:59.352Z] Checked if tokens are valid: true, expires at: 1771646385053
[debug] [2026-02-21T02:59:59.352Z] >>> [apiv2][query] POST https://serviceusage.googleapis.com/v1/projects/fieldtrack-pro-a16b4/services/cloudfunctions.googleapis.com:enable [none]
[debug] [2026-02-21T02:59:59.352Z] >>> [apiv2][(partial)header] POST https://serviceusage.googleapis.com/v1/projects/fieldtrack-pro-a16b4/services/cloudfunctions.googleapis.com:enable x-goog-quota-user=projects/fieldtrack-pro-a16b4
[debug] [2026-02-21T02:59:59.834Z] <<< [apiv2][status] POST https://serviceusage.googleapis.com/v1/projects/fieldtrack-pro-a16b4/services/cloudfunctions.googleapis.com:enable 200
[debug] [2026-02-21T02:59:59.834Z] <<< [apiv2][body] POST https://serviceusage.googleapis.com/v1/projects/fieldtrack-pro-a16b4/services/cloudfunctions.googleapis.com:enable [omitted]
[info] Let's create a new codebase for your functions.
[info] A directory corresponding to the codebase will be created in your project
[info] with sample code pre-configured.

[info] See https://firebase.google.com/docs/functions/organize-functions for
[info] more information on organizing your functions using codebases.

[info] Functions can be deployed with firebase deploy.

[debug] [2026-02-21T03:00:40.922Z] ExitPromptError: User force closed the prompt with SIGINT
    at Interface.sigint (C:\Users\DELL\AppData\Roaming\npm\node_modules\firebase-tools\node_modules\@inquirer\core\dist\commonjs\lib\create-prompt.js:101:37)
    at Interface.emit (node:events:508:28)
    at [_ttyWrite] [as _ttyWrite] (node:internal/readline/interface:1327:18)
    at ReadStream.onkeypress (node:internal/readline/interface:284:20)
    at ReadStream.emit (node:events:520:35)
    at emitKeys (node:internal/readline/utils:371:14)
    at emitKeys.next (<anonymous>)
    at ReadStream.onData (node:internal/readline/emitKeypressEvents:64:36)
    at ReadStream.emit (node:events:508:28)
    at addChunk (node:internal/streams/readable:559:12)
[error] 
[error] Error: An unexpected error has occurred.
